<?xml version="1.0" encoding="UTF-8"?>
<!-- Generated by org.testng.reporters.JUnitXMLReporter -->
<testsuite ignored="0" hostname="Sreeharshas-Air.attlocal.net" failures="3" tests="6" name="Test" time="0.034" errors="0" timestamp="2024-04-27T16:48:37 CDT">
  <testcase classname="com.test.NewTest" name="f" time="0.002"/>
  <testcase classname="com.test.AssertExample" name="testAssert" time="0.006">
    <failure type="java.lang.AssertionError" message="a is not equal to b expected [2] but found [1]">
      <![CDATA[java.lang.AssertionError: a is not equal to b expected [2] but found [1]
at com.test.AssertExample.testAssert(AssertExample.java:16)
at java.base/java.util.ArrayList.forEach(ArrayList.java:1541)
... Removed 33 stack frames]]>
    </failure>
  </testcase> <!-- testAssert -->
  <testcase classname="com.test.AssertExample" name="testAssert1" time="0.002">
    <failure type="java.lang.AssertionError" message="The following asserts failed:
	a is not equal to b expected [2] but found [1],
	user login failed expected [false] but found [true]">
      <![CDATA[java.lang.AssertionError: The following asserts failed:
a is not equal to b expected [2] but found [1],
user login failed expected [false] but found [true]
at com.test.AssertExample.testAssert1(AssertExample.java:42)
at java.base/java.util.ArrayList.forEach(ArrayList.java:1541)
... Removed 29 stack frames]]>
    </failure>
  </testcase> <!-- testAssert1 -->
  <testcase classname="com.test.Dependency" name="AddProduct" time="0.0">
    <failure type="java.lang.AssertionError" message="expected [2] but found [1]">
      <![CDATA[java.lang.AssertionError: expected [2] but found [1]
at com.test.Dependency.AddProduct(Dependency.java:12)
at java.base/java.util.ArrayList.forEach(ArrayList.java:1541)
... Removed 34 stack frames]]>
    </failure>
  </testcase> <!-- AddProduct -->
  <testcase classname="com.test.Dependency" name="EditProduct" time="0.001"/>
  <testcase classname="com.test.Dependency" name="DeleteProduct" time="0.0">
    <skipped/>
  </testcase> <!-- DeleteProduct -->
</testsuite> <!-- Test -->
